Using pre-set license
Built from '2021.3/staging' branch; Version is '2021.3.3f1 (af2e63e8f9bd) revision 11480675'; Using compiler version '192829333'; Build Type 'Release'
OS: 'Windows 10  (10.0.19043) 64bit Professional' Language: 'en' Physical Memory: 16273 MB
BatchMode: 1, IsHumanControllingUs: 0, StartBugReporterOnCrash: 0, Is64bit: 1, IsPro: 1

COMMAND LINE ARGUMENTS:
C:\Program Files\Unity\Hub\Editor\2021.3.3f1\Editor\Unity.exe
-adb2
-batchMode
-noUpm
-name
AssetImportWorker1
-projectPath
F:/unity projects/addressable
-logFile
Logs/AssetImportWorker1.log
-srvPort
57842
Successfully changed project path to: F:/unity projects/addressable
F:/unity projects/addressable
[UnityMemory] Configuration Parameters - Can be set up in boot.config
    "memorysetup-bucket-allocator-granularity=16"
    "memorysetup-bucket-allocator-bucket-count=8"
    "memorysetup-bucket-allocator-block-size=33554432"
    "memorysetup-bucket-allocator-block-count=8"
    "memorysetup-main-allocator-block-size=16777216"
    "memorysetup-thread-allocator-block-size=16777216"
    "memorysetup-gfx-main-allocator-block-size=16777216"
    "memorysetup-gfx-thread-allocator-block-size=16777216"
    "memorysetup-cache-allocator-block-size=4194304"
    "memorysetup-typetree-allocator-block-size=2097152"
    "memorysetup-profiler-bucket-allocator-granularity=16"
    "memorysetup-profiler-bucket-allocator-bucket-count=8"
    "memorysetup-profiler-bucket-allocator-block-size=33554432"
    "memorysetup-profiler-bucket-allocator-block-count=8"
    "memorysetup-profiler-allocator-block-size=16777216"
    "memorysetup-profiler-editor-allocator-block-size=1048576"
    "memorysetup-temp-allocator-size-main=16777216"
    "memorysetup-job-temp-allocator-block-size=2097152"
    "memorysetup-job-temp-allocator-block-size-background=1048576"
    "memorysetup-job-temp-allocator-reduction-small-platforms=262144"
    "memorysetup-temp-allocator-size-background-worker=32768"
    "memorysetup-temp-allocator-size-job-worker=262144"
    "memorysetup-temp-allocator-size-preload-manager=33554432"
    "memorysetup-temp-allocator-size-nav-mesh-worker=65536"
    "memorysetup-temp-allocator-size-audio-worker=65536"
    "memorysetup-temp-allocator-size-cloud-worker=32768"
    "memorysetup-temp-allocator-size-gi-baking-worker=262144"
    "memorysetup-temp-allocator-size-gfx=262144"
Refreshing native plugins compatible for Editor in 88.56 ms, found 3 plugins.
Preloading 0 native plugins for Editor in 0.00 ms.
Initialize engine version: 2021.3.3f1 (af2e63e8f9bd)
[Subsystems] Discovering subsystems at path C:/Program Files/Unity/Hub/Editor/2021.3.3f1/Editor/Data/Resources/UnitySubsystems
[Subsystems] Discovering subsystems at path F:/unity projects/addressable/Assets
GfxDevice: creating device client; threaded=0; jobified=0
Direct3D:
    Version:  Direct3D 11.0 [level 11.1]
    Renderer: NVIDIA GeForce RTX 3060 (ID=0x2504)
    Vendor:   NVIDIA
    VRAM:     12129 MB
    Driver:   31.0.15.3203
Initialize mono
Mono path[0] = 'C:/Program Files/Unity/Hub/Editor/2021.3.3f1/Editor/Data/Managed'
Mono path[1] = 'C:/Program Files/Unity/Hub/Editor/2021.3.3f1/Editor/Data/MonoBleedingEdge/lib/mono/unityjit-win32'
Mono config path = 'C:/Program Files/Unity/Hub/Editor/2021.3.3f1/Editor/Data/MonoBleedingEdge/etc'
Using monoOptions --debugger-agent=transport=dt_socket,embedding=1,server=y,suspend=n,address=127.0.0.1:56592
Begin MonoManager ReloadAssembly
Registering precompiled unity dll's ...
Register platform support module: C:/Program Files/Unity/Hub/Editor/2021.3.3f1/Editor/Data/PlaybackEngines/WebGLSupport/UnityEditor.WebGL.Extensions.dll
Register platform support module: C:/Program Files/Unity/Hub/Editor/2021.3.3f1/Editor/Data/PlaybackEngines/WindowsStandaloneSupport/UnityEditor.WindowsStandalone.Extensions.dll
Registered in 0.008420 seconds.
Native extension for WindowsStandalone target not found
Native extension for WebGL target not found
Refreshing native plugins compatible for Editor in 85.85 ms, found 3 plugins.
Preloading 0 native plugins for Editor in 0.00 ms.
Mono: successfully reloaded assembly
- Completed reload, in  0.612 seconds
Domain Reload Profiling:
	ReloadAssembly (613ms)
		BeginReloadAssembly (65ms)
			ExecutionOrderSort (0ms)
			DisableScriptedObjects (0ms)
			BackupInstance (0ms)
			ReleaseScriptingObjects (0ms)
			CreateAndSetChildDomain (1ms)
		EndReloadAssembly (434ms)
			LoadAssemblies (63ms)
			RebuildTransferFunctionScriptingTraits (0ms)
			SetupTypeCache (102ms)
			ReleaseScriptCaches (0ms)
			RebuildScriptCaches (27ms)
			SetupLoadedEditorAssemblies (258ms)
				LogAssemblyErrors (0ms)
				InitializePlatformSupportModulesInManaged (8ms)
				SetLoadedEditorAssemblies (0ms)
				RefreshPlugins (86ms)
				BeforeProcessingInitializeOnLoad (1ms)
				ProcessInitializeOnLoadAttributes (115ms)
				ProcessInitializeOnLoadMethodAttributes (47ms)
				AfterProcessingInitializeOnLoad (0ms)
				EditorAssembliesLoaded (0ms)
			ExecutionOrderSort2 (0ms)
			AwakeInstancesAfterBackupRestoration (0ms)
Platform modules already initialized, skipping
Registering precompiled user dll's ...
Registered in 0.002888 seconds.
Begin MonoManager ReloadAssembly
Symbol file LoadedFromMemory doesn't match image F:\unity projects\addressable\Library\PackageCache\com.unity.visualscripting@1.7.6\Editor\VisualScripting.Core\Dependencies\YamlDotNet\Unity.VisualScripting.YamlDotNet.dll
Symbol file LoadedFromMemory doesn't match image F:\unity projects\addressable\Library\PackageCache\com.unity.visualscripting@1.7.6\Editor\VisualScripting.Core\Dependencies\DotNetZip\Unity.VisualScripting.IonicZip.dll
Native extension for WindowsStandalone target not found
Native extension for WebGL target not found
Refreshing native plugins compatible for Editor in 0.57 ms, found 3 plugins.
Preloading 0 native plugins for Editor in 0.00 ms.
Mono: successfully reloaded assembly
- Completed reload, in  0.994 seconds
Domain Reload Profiling:
	ReloadAssembly (995ms)
		BeginReloadAssembly (100ms)
			ExecutionOrderSort (0ms)
			DisableScriptedObjects (6ms)
			BackupInstance (0ms)
			ReleaseScriptingObjects (0ms)
			CreateAndSetChildDomain (17ms)
		EndReloadAssembly (774ms)
			LoadAssemblies (71ms)
			RebuildTransferFunctionScriptingTraits (0ms)
			SetupTypeCache (254ms)
			ReleaseScriptCaches (1ms)
			RebuildScriptCaches (49ms)
			SetupLoadedEditorAssemblies (361ms)
				LogAssemblyErrors (0ms)
				InitializePlatformSupportModulesInManaged (7ms)
				SetLoadedEditorAssemblies (0ms)
				RefreshPlugins (1ms)
				BeforeProcessingInitializeOnLoad (88ms)
				ProcessInitializeOnLoadAttributes (229ms)
				ProcessInitializeOnLoadMethodAttributes (29ms)
				AfterProcessingInitializeOnLoad (7ms)
				EditorAssembliesLoaded (0ms)
			ExecutionOrderSort2 (0ms)
			AwakeInstancesAfterBackupRestoration (5ms)
Platform modules already initialized, skipping
========================================================================
Worker process is ready to serve import requests
Launched and connected shader compiler UnityShaderCompiler.exe after 0.03 seconds
Refreshing native plugins compatible for Editor in 0.74 ms, found 3 plugins.
Preloading 0 native plugins for Editor in 0.00 ms.
Unloading 3832 Unused Serialized files (Serialized files now loaded: 0)
Unloading 26 unused Assets / (112.5 KB). Loaded Objects now: 4289.
Memory consumption went from 132.5 MB to 132.4 MB.
Total: 2.889800 ms (FindLiveObjects: 0.299600 ms CreateObjectMapping: 0.208400 ms MarkObjects: 2.284400 ms  DeleteObjects: 0.096400 ms)

AssetImportParameters requested are different than current active one (requested -> active):
  custom:video-decoder-ogg-theora: a1e56fd34408186e4bbccfd4996cb3dc -> 
  custom:container-muxer-webm: aa71ff27fc2769a1b78a27578f13a17b -> 
  custom:container-demuxer-webm: 4f35f7cbe854078d1ac9338744f61a02 -> 
  custom:video-encoder-webm-vp8: eb34c28f22e8b96e1ab97ce403110664 -> 
  custom:audio-encoder-webm-vorbis: bf7c407c2cedff20999df2af8eb42d56 -> 
  custom:framework-win-MediaFoundation: 216162199b28c13a410421893ffa2e32 -> 
  custom:container-demuxer-ogg: 62fdf1f143b41e24485cea50d1cbac27 -> 
  custom:video-decoder-webm-vp8: 9c59270c3fd7afecdb556c50c9e8de78 -> 
  custom:audio-decoder-ogg-vorbis: bf7c407c2cedff20999df2af8eb42d56 -> 
========================================================================
Received Import Request.
  Time since last request: 102455.696922 seconds.
  path: Assets/RoofTop_SafeHouse
  artifactKey: Guid(8652b41e65408d94694ca79cb990bc25) Importer(815301076,1909f56bfc062723c751e8b465ee728b)
Start importing Assets/RoofTop_SafeHouse using Guid(8652b41e65408d94694ca79cb990bc25) Importer(815301076,1909f56bfc062723c751e8b465ee728b)  -> (artifact id: '4064633110a2afacdb6431d334a123d4') in 0.012959 seconds 
========================================================================
Received Import Request.
  Time since last request: 9.111805 seconds.
  path: Assets/RoofTop_SafeHouse/Prefab/Apple_box.prefab
  artifactKey: Guid(ddf8a91c799ccbb43b3b7641b80521f8) Importer(815301076,1909f56bfc062723c751e8b465ee728b)
Start importing Assets/RoofTop_SafeHouse/Prefab/Apple_box.prefab using Guid(ddf8a91c799ccbb43b3b7641b80521f8) Importer(815301076,1909f56bfc062723c751e8b465ee728b)  -> (artifact id: '6e1c648d83b665701f6e3cef6e14d0de') in 0.705410 seconds 
========================================================================
Received Import Request.
  Time since last request: 0.000020 seconds.
  path: Assets/RoofTop_SafeHouse/Prefab/Bed.prefab
  artifactKey: Guid(8a4bf7b1a427ef24c9504cfb227666dd) Importer(815301076,1909f56bfc062723c751e8b465ee728b)
Start importing Assets/RoofTop_SafeHouse/Prefab/Bed.prefab using Guid(8a4bf7b1a427ef24c9504cfb227666dd) Importer(815301076,1909f56bfc062723c751e8b465ee728b)  -> (artifact id: '8a3ef52b75a9af11e6317f7a77868881') in 0.019264 seconds 
========================================================================
Received Import Request.
  Time since last request: 0.000072 seconds.
  path: Assets/RoofTop_SafeHouse/Prefab/Blood_Drip.prefab
  artifactKey: Guid(34f8e544e6b884b4da105d54d9a56131) Importer(815301076,1909f56bfc062723c751e8b465ee728b)
Start importing Assets/RoofTop_SafeHouse/Prefab/Blood_Drip.prefab using Guid(34f8e544e6b884b4da105d54d9a56131) Importer(815301076,1909f56bfc062723c751e8b465ee728b)  -> (artifact id: '795db1860bc6eb8efefb757aa61789b3') in 0.015808 seconds 
========================================================================
Received Import Request.
  Time since last request: 0.000015 seconds.
  path: Assets/RoofTop_SafeHouse/Prefab/Corr 1.prefab
  artifactKey: Guid(f5f6f56ae37192f48a92bd3f2ab37664) Importer(815301076,1909f56bfc062723c751e8b465ee728b)
Start importing Assets/RoofTop_SafeHouse/Prefab/Corr 1.prefab using Guid(f5f6f56ae37192f48a92bd3f2ab37664) Importer(815301076,1909f56bfc062723c751e8b465ee728b)  -> (artifact id: 'a8013acb9c61a43cf59177c0d188d9f5') in 0.018248 seconds 
========================================================================
Received Import Request.
  Time since last request: 0.000018 seconds.
  path: Assets/RoofTop_SafeHouse/Prefab/Barrel 1.prefab
  artifactKey: Guid(df80a37374d2b9a469be66792558ca94) Importer(815301076,1909f56bfc062723c751e8b465ee728b)
Start importing Assets/RoofTop_SafeHouse/Prefab/Barrel 1.prefab using Guid(df80a37374d2b9a469be66792558ca94) Importer(815301076,1909f56bfc062723c751e8b465ee728b)  -> (artifact id: 'a6a920dad6b75b699e90a23971d1822a') in 0.019651 seconds 
========================================================================
Received Import Request.
  Time since last request: 0.000022 seconds.
  path: Assets/RoofTop_SafeHouse/Prefab/Can2.prefab
  artifactKey: Guid(5d9d00ea9d2364644a1732d83ec6e718) Importer(815301076,1909f56bfc062723c751e8b465ee728b)
Start importing Assets/RoofTop_SafeHouse/Prefab/Can2.prefab using Guid(5d9d00ea9d2364644a1732d83ec6e718) Importer(815301076,1909f56bfc062723c751e8b465ee728b)  -> (artifact id: 'cf009d38927f4d745d9040647f801c49') in 0.018234 seconds 
========================================================================
Received Import Request.
  Time since last request: 0.000025 seconds.
  path: Assets/RoofTop_SafeHouse/Prefab/Fence 1.prefab
  artifactKey: Guid(6ef5c6b9544c6044fb07840d43cff7d9) Importer(815301076,1909f56bfc062723c751e8b465ee728b)
Start importing Assets/RoofTop_SafeHouse/Prefab/Fence 1.prefab using Guid(6ef5c6b9544c6044fb07840d43cff7d9) Importer(815301076,1909f56bfc062723c751e8b465ee728b)  -> (artifact id: 'cae9911f3602207a2c2830c56f86b5a2') in 0.250070 seconds 
========================================================================
Received Import Request.
  Time since last request: 0.000020 seconds.
  path: Assets/RoofTop_SafeHouse/Prefab/Boxes Pile.prefab
  artifactKey: Guid(7c397032ef7e0c246a53f9795626040b) Importer(815301076,1909f56bfc062723c751e8b465ee728b)
Start importing Assets/RoofTop_SafeHouse/Prefab/Boxes Pile.prefab using Guid(7c397032ef7e0c246a53f9795626040b) Importer(815301076,1909f56bfc062723c751e8b465ee728b)  -> (artifact id: '16da451119482238e1c15b6d825d7180') in 0.023229 seconds 
========================================================================
Received Import Request.
  Time since last request: 0.000027 seconds.
  path: Assets/RoofTop_SafeHouse/Prefab/Dumpster.prefab
  artifactKey: Guid(505a51a0d58d97d46bfa0156271f8471) Importer(815301076,1909f56bfc062723c751e8b465ee728b)
Start importing Assets/RoofTop_SafeHouse/Prefab/Dumpster.prefab using Guid(505a51a0d58d97d46bfa0156271f8471) Importer(815301076,1909f56bfc062723c751e8b465ee728b)  -> (artifact id: '8748849134a9d8d329a6234ab8e40fac') in 0.017064 seconds 
========================================================================
Received Import Request.
  Time since last request: 0.000019 seconds.
  path: Assets/RoofTop_SafeHouse/Prefab/Bed_roll.prefab
  artifactKey: Guid(a8b764c9f7c69174b8a7850406ff95a5) Importer(815301076,1909f56bfc062723c751e8b465ee728b)
Start importing Assets/RoofTop_SafeHouse/Prefab/Bed_roll.prefab using Guid(a8b764c9f7c69174b8a7850406ff95a5) Importer(815301076,1909f56bfc062723c751e8b465ee728b)  -> (artifact id: '73bb54dd85a9cf7be52f22b9d4424083') in 0.017195 seconds 
========================================================================
Received Import Request.
  Time since last request: 0.000019 seconds.
  path: Assets/RoofTop_SafeHouse/Prefab/Drugs.prefab
  artifactKey: Guid(5847180322253d94797bf748a54f3242) Importer(815301076,1909f56bfc062723c751e8b465ee728b)
Start importing Assets/RoofTop_SafeHouse/Prefab/Drugs.prefab using Guid(5847180322253d94797bf748a54f3242) Importer(815301076,1909f56bfc062723c751e8b465ee728b)  -> (artifact id: '2097e8827485a83488bf44149c98da8b') in 0.019383 seconds 
========================================================================
Received Import Request.
  Time since last request: 0.000024 seconds.
  path: Assets/RoofTop_SafeHouse/Prefab/Med_box.prefab
  artifactKey: Guid(8ab434bb27f481f40897a3314c5d86ca) Importer(815301076,1909f56bfc062723c751e8b465ee728b)
Start importing Assets/RoofTop_SafeHouse/Prefab/Med_box.prefab using Guid(8ab434bb27f481f40897a3314c5d86ca) Importer(815301076,1909f56bfc062723c751e8b465ee728b)  -> (artifact id: 'afc1fdffc87b4fda3823c54e6b360a94') in 0.024284 seconds 
========================================================================
Received Import Request.
  Time since last request: 0.000027 seconds.
  path: Assets/RoofTop_SafeHouse/Prefab/MT (1).prefab
  artifactKey: Guid(933137db636a66645a63cb7f040759a7) Importer(815301076,1909f56bfc062723c751e8b465ee728b)
Start importing Assets/RoofTop_SafeHouse/Prefab/MT (1).prefab using Guid(933137db636a66645a63cb7f040759a7) Importer(815301076,1909f56bfc062723c751e8b465ee728b)  -> (artifact id: '3486cf222d66b982f65e5312f2ae339c') in 0.041845 seconds 
========================================================================
Received Import Request.
  Time since last request: 0.000023 seconds.
  path: Assets/RoofTop_SafeHouse/Prefab/Water_container.prefab
  artifactKey: Guid(f657ef7499317254ca6eefcc56d57e1d) Importer(815301076,1909f56bfc062723c751e8b465ee728b)
Start importing Assets/RoofTop_SafeHouse/Prefab/Water_container.prefab using Guid(f657ef7499317254ca6eefcc56d57e1d) Importer(815301076,1909f56bfc062723c751e8b465ee728b)  -> (artifact id: '59548070c07ad7087671f8346d506814') in 0.017104 seconds 
========================================================================
Received Import Request.
  Time since last request: 0.000016 seconds.
  path: Assets/RoofTop_SafeHouse/Prefab/Building.prefab
  artifactKey: Guid(353eef11f59660443b1b78fb0eb76a14) Importer(815301076,1909f56bfc062723c751e8b465ee728b)
Start importing Assets/RoofTop_SafeHouse/Prefab/Building.prefab using Guid(353eef11f59660443b1b78fb0eb76a14) Importer(815301076,1909f56bfc062723c751e8b465ee728b)  -> (artifact id: '9b7b039db7e99d70916468076537259f') in 0.240637 seconds 
========================================================================
Received Import Request.
  Time since last request: 0.000021 seconds.
  path: Assets/RoofTop_SafeHouse/Prefab/Plank.prefab
  artifactKey: Guid(3ba2acaeb7d530d48ba56d75dd92acc3) Importer(815301076,1909f56bfc062723c751e8b465ee728b)
Start importing Assets/RoofTop_SafeHouse/Prefab/Plank.prefab using Guid(3ba2acaeb7d530d48ba56d75dd92acc3) Importer(815301076,1909f56bfc062723c751e8b465ee728b)  -> (artifact id: '021bd8c69459a2712f27772dbf67a15e') in 0.017096 seconds 
========================================================================
Received Import Request.
  Time since last request: 0.000024 seconds.
  path: Assets/RoofTop_SafeHouse/Prefab/Water_box 1.prefab
  artifactKey: Guid(c740a17711b233c429c0bdee2f65ab35) Importer(815301076,1909f56bfc062723c751e8b465ee728b)
Start importing Assets/RoofTop_SafeHouse/Prefab/Water_box 1.prefab using Guid(c740a17711b233c429c0bdee2f65ab35) Importer(815301076,1909f56bfc062723c751e8b465ee728b)  -> (artifact id: '5c2ddfed9c9dcada983b213efdb76d19') in 0.020472 seconds 
========================================================================
Received Import Request.
  Time since last request: 0.000026 seconds.
  path: Assets/RoofTop_SafeHouse/Prefab/Table.prefab
  artifactKey: Guid(797dcb62178fd864483327ca58505345) Importer(815301076,1909f56bfc062723c751e8b465ee728b)
Start importing Assets/RoofTop_SafeHouse/Prefab/Table.prefab using Guid(797dcb62178fd864483327ca58505345) Importer(815301076,1909f56bfc062723c751e8b465ee728b)  -> (artifact id: '431677de3fe825f4fc27ca206a15eea3') in 0.019569 seconds 
========================================================================
Received Import Request.
  Time since last request: 0.000020 seconds.
  path: Assets/RoofTop_SafeHouse/Prefab/Crate.prefab
  artifactKey: Guid(266b1fd52158c3e4fab1776e3a55a8e1) Importer(815301076,1909f56bfc062723c751e8b465ee728b)
Start importing Assets/RoofTop_SafeHouse/Prefab/Crate.prefab using Guid(266b1fd52158c3e4fab1776e3a55a8e1) Importer(815301076,1909f56bfc062723c751e8b465ee728b)  -> (artifact id: '6d8ff810b2396745246f859afe061248') in 0.020852 seconds 
========================================================================
Received Import Request.
  Time since last request: 0.000024 seconds.
  path: Assets/RoofTop_SafeHouse/Prefab/Full
  artifactKey: Guid(585b8421cecb39e42b59194d0485a3e8) Importer(815301076,1909f56bfc062723c751e8b465ee728b)
Start importing Assets/RoofTop_SafeHouse/Prefab/Full using Guid(585b8421cecb39e42b59194d0485a3e8) Importer(815301076,1909f56bfc062723c751e8b465ee728b)  -> (artifact id: '6becb45b2c05bbfe0d1278f4ed53ae4d') in 0.010363 seconds 
========================================================================
Received Import Request.
  Time since last request: 0.000023 seconds.
  path: Assets/RoofTop_SafeHouse/Prefab/Barrel_BY1.prefab
  artifactKey: Guid(bd4a508b5a8a8e64996eced96629c12b) Importer(815301076,1909f56bfc062723c751e8b465ee728b)
Start importing Assets/RoofTop_SafeHouse/Prefab/Barrel_BY1.prefab using Guid(bd4a508b5a8a8e64996eced96629c12b) Importer(815301076,1909f56bfc062723c751e8b465ee728b)  -> (artifact id: '9fadd8a199f11ac3482605ba0ab6a5a3') in 0.016881 seconds 
Editor requested this worker to shutdown with reason: Scaling down because of idle timeout
AssetImportWorker is now disconnected from the server
Process exiting
Exiting without the bug reporter. Application will terminate with return code 0