Using pre-set license
Built from '2021.3/staging' branch; Version is '2021.3.3f1 (af2e63e8f9bd) revision 11480675'; Using compiler version '192829333'; Build Type 'Release'
OS: 'Windows 10  (10.0.19043) 64bit Professional' Language: 'en' Physical Memory: 16273 MB
BatchMode: 1, IsHumanControllingUs: 0, StartBugReporterOnCrash: 0, Is64bit: 1, IsPro: 1

COMMAND LINE ARGUMENTS:
C:\Program Files\Unity\Hub\Editor\2021.3.3f1\Editor\Unity.exe
-adb2
-batchMode
-noUpm
-name
AssetImportWorker0
-projectPath
F:/unity projects/addressable
-logFile
Logs/AssetImportWorker0.log
-srvPort
57842
Successfully changed project path to: F:/unity projects/addressable
F:/unity projects/addressable
[UnityMemory] Configuration Parameters - Can be set up in boot.config
    "memorysetup-bucket-allocator-granularity=16"
    "memorysetup-bucket-allocator-bucket-count=8"
    "memorysetup-bucket-allocator-block-size=33554432"
    "memorysetup-bucket-allocator-block-count=8"
    "memorysetup-main-allocator-block-size=16777216"
    "memorysetup-thread-allocator-block-size=16777216"
    "memorysetup-gfx-main-allocator-block-size=16777216"
    "memorysetup-gfx-thread-allocator-block-size=16777216"
    "memorysetup-cache-allocator-block-size=4194304"
    "memorysetup-typetree-allocator-block-size=2097152"
    "memorysetup-profiler-bucket-allocator-granularity=16"
    "memorysetup-profiler-bucket-allocator-bucket-count=8"
    "memorysetup-profiler-bucket-allocator-block-size=33554432"
    "memorysetup-profiler-bucket-allocator-block-count=8"
    "memorysetup-profiler-allocator-block-size=16777216"
    "memorysetup-profiler-editor-allocator-block-size=1048576"
    "memorysetup-temp-allocator-size-main=16777216"
    "memorysetup-job-temp-allocator-block-size=2097152"
    "memorysetup-job-temp-allocator-block-size-background=1048576"
    "memorysetup-job-temp-allocator-reduction-small-platforms=262144"
    "memorysetup-temp-allocator-size-background-worker=32768"
    "memorysetup-temp-allocator-size-job-worker=262144"
    "memorysetup-temp-allocator-size-preload-manager=33554432"
    "memorysetup-temp-allocator-size-nav-mesh-worker=65536"
    "memorysetup-temp-allocator-size-audio-worker=65536"
    "memorysetup-temp-allocator-size-cloud-worker=32768"
    "memorysetup-temp-allocator-size-gi-baking-worker=262144"
    "memorysetup-temp-allocator-size-gfx=262144"
Refreshing native plugins compatible for Editor in 104.38 ms, found 3 plugins.
Preloading 0 native plugins for Editor in 0.00 ms.
Initialize engine version: 2021.3.3f1 (af2e63e8f9bd)
[Subsystems] Discovering subsystems at path C:/Program Files/Unity/Hub/Editor/2021.3.3f1/Editor/Data/Resources/UnitySubsystems
[Subsystems] Discovering subsystems at path F:/unity projects/addressable/Assets
GfxDevice: creating device client; threaded=0; jobified=0
Direct3D:
    Version:  Direct3D 11.0 [level 11.1]
    Renderer: NVIDIA GeForce RTX 3060 (ID=0x2504)
    Vendor:   NVIDIA
    VRAM:     12129 MB
    Driver:   31.0.15.3203
Initialize mono
Mono path[0] = 'C:/Program Files/Unity/Hub/Editor/2021.3.3f1/Editor/Data/Managed'
Mono path[1] = 'C:/Program Files/Unity/Hub/Editor/2021.3.3f1/Editor/Data/MonoBleedingEdge/lib/mono/unityjit-win32'
Mono config path = 'C:/Program Files/Unity/Hub/Editor/2021.3.3f1/Editor/Data/MonoBleedingEdge/etc'
Using monoOptions --debugger-agent=transport=dt_socket,embedding=1,server=y,suspend=n,address=127.0.0.1:56832
Begin MonoManager ReloadAssembly
Registering precompiled unity dll's ...
Register platform support module: C:/Program Files/Unity/Hub/Editor/2021.3.3f1/Editor/Data/PlaybackEngines/WebGLSupport/UnityEditor.WebGL.Extensions.dll
Register platform support module: C:/Program Files/Unity/Hub/Editor/2021.3.3f1/Editor/Data/PlaybackEngines/WindowsStandaloneSupport/UnityEditor.WindowsStandalone.Extensions.dll
Registered in 0.006296 seconds.
Native extension for WindowsStandalone target not found
Native extension for WebGL target not found
Refreshing native plugins compatible for Editor in 86.73 ms, found 3 plugins.
Preloading 0 native plugins for Editor in 0.00 ms.
Mono: successfully reloaded assembly
- Completed reload, in  0.617 seconds
Domain Reload Profiling:
	ReloadAssembly (618ms)
		BeginReloadAssembly (68ms)
			ExecutionOrderSort (0ms)
			DisableScriptedObjects (0ms)
			BackupInstance (0ms)
			ReleaseScriptingObjects (0ms)
			CreateAndSetChildDomain (1ms)
		EndReloadAssembly (443ms)
			LoadAssemblies (66ms)
			RebuildTransferFunctionScriptingTraits (0ms)
			SetupTypeCache (106ms)
			ReleaseScriptCaches (0ms)
			RebuildScriptCaches (27ms)
			SetupLoadedEditorAssemblies (260ms)
				LogAssemblyErrors (0ms)
				InitializePlatformSupportModulesInManaged (8ms)
				SetLoadedEditorAssemblies (0ms)
				RefreshPlugins (87ms)
				BeforeProcessingInitializeOnLoad (1ms)
				ProcessInitializeOnLoadAttributes (116ms)
				ProcessInitializeOnLoadMethodAttributes (47ms)
				AfterProcessingInitializeOnLoad (0ms)
				EditorAssembliesLoaded (0ms)
			ExecutionOrderSort2 (0ms)
			AwakeInstancesAfterBackupRestoration (0ms)
Platform modules already initialized, skipping
Registering precompiled user dll's ...
Registered in 0.003101 seconds.
Begin MonoManager ReloadAssembly
Symbol file LoadedFromMemory doesn't match image F:\unity projects\addressable\Library\PackageCache\com.unity.visualscripting@1.7.6\Editor\VisualScripting.Core\Dependencies\YamlDotNet\Unity.VisualScripting.YamlDotNet.dll
Symbol file LoadedFromMemory doesn't match image F:\unity projects\addressable\Library\PackageCache\com.unity.visualscripting@1.7.6\Editor\VisualScripting.Core\Dependencies\DotNetZip\Unity.VisualScripting.IonicZip.dll
Native extension for WindowsStandalone target not found
Native extension for WebGL target not found
Refreshing native plugins compatible for Editor in 0.61 ms, found 3 plugins.
Preloading 0 native plugins for Editor in 0.00 ms.
Mono: successfully reloaded assembly
- Completed reload, in  0.993 seconds
Domain Reload Profiling:
	ReloadAssembly (994ms)
		BeginReloadAssembly (101ms)
			ExecutionOrderSort (0ms)
			DisableScriptedObjects (5ms)
			BackupInstance (0ms)
			ReleaseScriptingObjects (0ms)
			CreateAndSetChildDomain (17ms)
		EndReloadAssembly (774ms)
			LoadAssemblies (71ms)
			RebuildTransferFunctionScriptingTraits (0ms)
			SetupTypeCache (254ms)
			ReleaseScriptCaches (1ms)
			RebuildScriptCaches (49ms)
			SetupLoadedEditorAssemblies (361ms)
				LogAssemblyErrors (0ms)
				InitializePlatformSupportModulesInManaged (6ms)
				SetLoadedEditorAssemblies (0ms)
				RefreshPlugins (1ms)
				BeforeProcessingInitializeOnLoad (90ms)
				ProcessInitializeOnLoadAttributes (228ms)
				ProcessInitializeOnLoadMethodAttributes (29ms)
				AfterProcessingInitializeOnLoad (7ms)
				EditorAssembliesLoaded (0ms)
			ExecutionOrderSort2 (0ms)
			AwakeInstancesAfterBackupRestoration (6ms)
Platform modules already initialized, skipping
========================================================================
Worker process is ready to serve import requests
Launched and connected shader compiler UnityShaderCompiler.exe after 0.03 seconds
Refreshing native plugins compatible for Editor in 0.74 ms, found 3 plugins.
Preloading 0 native plugins for Editor in 0.00 ms.
Unloading 3832 Unused Serialized files (Serialized files now loaded: 0)
Unloading 26 unused Assets / (112.5 KB). Loaded Objects now: 4289.
Memory consumption went from 132.5 MB to 132.4 MB.
Total: 3.007400 ms (FindLiveObjects: 0.297600 ms CreateObjectMapping: 0.245700 ms MarkObjects: 2.375300 ms  DeleteObjects: 0.087900 ms)

AssetImportParameters requested are different than current active one (requested -> active):
  custom:video-decoder-ogg-theora: a1e56fd34408186e4bbccfd4996cb3dc -> 
  custom:container-muxer-webm: aa71ff27fc2769a1b78a27578f13a17b -> 
  custom:container-demuxer-webm: 4f35f7cbe854078d1ac9338744f61a02 -> 
  custom:video-encoder-webm-vp8: eb34c28f22e8b96e1ab97ce403110664 -> 
  custom:audio-encoder-webm-vorbis: bf7c407c2cedff20999df2af8eb42d56 -> 
  custom:framework-win-MediaFoundation: 216162199b28c13a410421893ffa2e32 -> 
  custom:container-demuxer-ogg: 62fdf1f143b41e24485cea50d1cbac27 -> 
  custom:video-decoder-webm-vp8: 9c59270c3fd7afecdb556c50c9e8de78 -> 
  custom:audio-decoder-ogg-vorbis: bf7c407c2cedff20999df2af8eb42d56 -> 
========================================================================
Received Import Request.
  Time since last request: 102457.326136 seconds.
  path: Assets/RoofTop_SafeHouse/Washroom
  artifactKey: Guid(ce75298c27d0d4744b54d599b1a5b7fa) Importer(815301076,1909f56bfc062723c751e8b465ee728b)
Start importing Assets/RoofTop_SafeHouse/Washroom using Guid(ce75298c27d0d4744b54d599b1a5b7fa) Importer(815301076,1909f56bfc062723c751e8b465ee728b)  -> (artifact id: 'cbb3e70db109dc55bdcd6c0822440b77') in 0.013163 seconds 
========================================================================
Received Import Request.
  Time since last request: 0.062211 seconds.
  path: Assets/RoofTop_SafeHouse/Washroom/Bathroom.fbx
  artifactKey: Guid(64b26fca66299f147b2ec64d291dce4a) Importer(815301076,1909f56bfc062723c751e8b465ee728b)
Start importing Assets/RoofTop_SafeHouse/Washroom/Bathroom.fbx using Guid(64b26fca66299f147b2ec64d291dce4a) Importer(815301076,1909f56bfc062723c751e8b465ee728b)  -> (artifact id: '287c09e9c0de7e15237a073d12259c3e') in 0.588755 seconds 
========================================================================
Received Import Request.
  Time since last request: 2.781499 seconds.
  path: Assets/RoofTop_SafeHouse/Washroom/Tex
  artifactKey: Guid(4f4be9a1bba3da6459882775d62a9497) Importer(815301076,1909f56bfc062723c751e8b465ee728b)
Start importing Assets/RoofTop_SafeHouse/Washroom/Tex using Guid(4f4be9a1bba3da6459882775d62a9497) Importer(815301076,1909f56bfc062723c751e8b465ee728b)  -> (artifact id: '70187561f779c2d5a4116e9f12cb2563') in 0.009931 seconds 
========================================================================
Received Import Request.
  Time since last request: 2.492527 seconds.
  path: Assets/RoofTop_SafeHouse/Props
  artifactKey: Guid(a2ff0799e6cddad42a5f33105eb168f8) Importer(815301076,1909f56bfc062723c751e8b465ee728b)
Start importing Assets/RoofTop_SafeHouse/Props using Guid(a2ff0799e6cddad42a5f33105eb168f8) Importer(815301076,1909f56bfc062723c751e8b465ee728b)  -> (artifact id: '5069d1d34edc8a6f50bd64e76c215ef2') in 0.008903 seconds 
========================================================================
Received Import Request.
  Time since last request: 1.509825 seconds.
  path: Assets/RoofTop_SafeHouse/Prefab
  artifactKey: Guid(21cb508b293567c4781f3a4c38691f6d) Importer(815301076,1909f56bfc062723c751e8b465ee728b)
Start importing Assets/RoofTop_SafeHouse/Prefab using Guid(21cb508b293567c4781f3a4c38691f6d) Importer(815301076,1909f56bfc062723c751e8b465ee728b)  -> (artifact id: '792f0f84ac84f78d73d96684e7c1d894') in 0.009359 seconds 
========================================================================
Received Import Request.
  Time since last request: 0.000028 seconds.
  path: Assets/RoofTop_SafeHouse/Prefab/Bandages.prefab
  artifactKey: Guid(83890bfa20f8ff54b94d33b37cfb4efa) Importer(815301076,1909f56bfc062723c751e8b465ee728b)
Start importing Assets/RoofTop_SafeHouse/Prefab/Bandages.prefab using Guid(83890bfa20f8ff54b94d33b37cfb4efa) Importer(815301076,1909f56bfc062723c751e8b465ee728b)  -> (artifact id: 'd9d260ca4d557b357785c30de0f3c09e') in 0.209314 seconds 
========================================================================
Received Import Request.
  Time since last request: 0.000022 seconds.
  path: Assets/RoofTop_SafeHouse/Prefab/sofa.prefab
  artifactKey: Guid(24c4f06e23804c7488965c0098a4b302) Importer(815301076,1909f56bfc062723c751e8b465ee728b)
Start importing Assets/RoofTop_SafeHouse/Prefab/sofa.prefab using Guid(24c4f06e23804c7488965c0098a4b302) Importer(815301076,1909f56bfc062723c751e8b465ee728b)  -> (artifact id: 'b08d9a220c569529254b6e2e8466ceb7') in 0.261040 seconds 
========================================================================
Received Import Request.
  Time since last request: 0.000026 seconds.
  path: Assets/RoofTop_SafeHouse/Prefab/Water_box.prefab
  artifactKey: Guid(049196a967ba77c4e9308ab28826ac37) Importer(815301076,1909f56bfc062723c751e8b465ee728b)
Start importing Assets/RoofTop_SafeHouse/Prefab/Water_box.prefab using Guid(049196a967ba77c4e9308ab28826ac37) Importer(815301076,1909f56bfc062723c751e8b465ee728b)  -> (artifact id: '40d82842e836f3f625e1c5f2856f89e2') in 0.023876 seconds 
========================================================================
Received Import Request.
  Time since last request: 0.000024 seconds.
  path: Assets/RoofTop_SafeHouse/Prefab/Can1.prefab
  artifactKey: Guid(71c82129f54d41e45aace57ab7d3990a) Importer(815301076,1909f56bfc062723c751e8b465ee728b)
Start importing Assets/RoofTop_SafeHouse/Prefab/Can1.prefab using Guid(71c82129f54d41e45aace57ab7d3990a) Importer(815301076,1909f56bfc062723c751e8b465ee728b)  -> (artifact id: '6f3ae7d328603eca24abd5956e7aaad4') in 0.018191 seconds 
========================================================================
Received Import Request.
  Time since last request: 0.000026 seconds.
  path: Assets/RoofTop_SafeHouse/Prefab/Ladder (1).prefab
  artifactKey: Guid(2bfb1b157c1a7e945b0fcc9fc6ca29ae) Importer(815301076,1909f56bfc062723c751e8b465ee728b)
Start importing Assets/RoofTop_SafeHouse/Prefab/Ladder (1).prefab using Guid(2bfb1b157c1a7e945b0fcc9fc6ca29ae) Importer(815301076,1909f56bfc062723c751e8b465ee728b)  -> (artifact id: 'e572503b148642aab7758155af32758e') in 0.020116 seconds 
========================================================================
Received Import Request.
  Time since last request: 0.000018 seconds.
  path: Assets/RoofTop_SafeHouse/Prefab/Pallete.prefab
  artifactKey: Guid(8e9344642aecfb7498350f6bf08839f1) Importer(815301076,1909f56bfc062723c751e8b465ee728b)
Start importing Assets/RoofTop_SafeHouse/Prefab/Pallete.prefab using Guid(8e9344642aecfb7498350f6bf08839f1) Importer(815301076,1909f56bfc062723c751e8b465ee728b)  -> (artifact id: '24c050bdae9857dc9c85fb88b0a304e0') in 0.244178 seconds 
========================================================================
Received Import Request.
  Time since last request: 0.000029 seconds.
  path: Assets/RoofTop_SafeHouse/Prefab/Can_G.prefab
  artifactKey: Guid(328be37460c5e814292c2b1ca1df59ad) Importer(815301076,1909f56bfc062723c751e8b465ee728b)
Start importing Assets/RoofTop_SafeHouse/Prefab/Can_G.prefab using Guid(328be37460c5e814292c2b1ca1df59ad) Importer(815301076,1909f56bfc062723c751e8b465ee728b)  -> (artifact id: '8acfc821b726110194752b45118ecceb') in 0.016976 seconds 
========================================================================
Received Import Request.
  Time since last request: 0.000028 seconds.
  path: Assets/RoofTop_SafeHouse/Prefab/Barrel_BY2.prefab
  artifactKey: Guid(178f60d2b4879f3418f00a1e46de969e) Importer(815301076,1909f56bfc062723c751e8b465ee728b)
Start importing Assets/RoofTop_SafeHouse/Prefab/Barrel_BY2.prefab using Guid(178f60d2b4879f3418f00a1e46de969e) Importer(815301076,1909f56bfc062723c751e8b465ee728b)  -> (artifact id: '48a2a40f50648fb634ccb7e3e217d58a') in 0.015467 seconds 
========================================================================
Received Import Request.
  Time since last request: 0.000023 seconds.
  path: Assets/RoofTop_SafeHouse/Prefab/Corr.prefab
  artifactKey: Guid(ed8fda6294190eb4ca34880523eeb596) Importer(815301076,1909f56bfc062723c751e8b465ee728b)
Start importing Assets/RoofTop_SafeHouse/Prefab/Corr.prefab using Guid(ed8fda6294190eb4ca34880523eeb596) Importer(815301076,1909f56bfc062723c751e8b465ee728b)  -> (artifact id: '523e84920be991f330d8d517f92d77f8') in 0.016679 seconds 
========================================================================
Received Import Request.
  Time since last request: 0.000014 seconds.
  path: Assets/RoofTop_SafeHouse/Prefab/Flare_Boxes.prefab
  artifactKey: Guid(d7a0ae20861f38b4eaa3d15146574caf) Importer(815301076,1909f56bfc062723c751e8b465ee728b)
Start importing Assets/RoofTop_SafeHouse/Prefab/Flare_Boxes.prefab using Guid(d7a0ae20861f38b4eaa3d15146574caf) Importer(815301076,1909f56bfc062723c751e8b465ee728b)  -> (artifact id: 'beef8e11140cc3374863a01405476ba7') in 0.019803 seconds 
========================================================================
Received Import Request.
  Time since last request: 0.000020 seconds.
  path: Assets/RoofTop_SafeHouse/Prefab/Empty.prefab
  artifactKey: Guid(3428d444f051d67448896698ed933cb7) Importer(815301076,1909f56bfc062723c751e8b465ee728b)
Start importing Assets/RoofTop_SafeHouse/Prefab/Empty.prefab using Guid(3428d444f051d67448896698ed933cb7) Importer(815301076,1909f56bfc062723c751e8b465ee728b)  -> (artifact id: 'e93d150088366beda2539b0ad30e0afb') in 0.017685 seconds 
========================================================================
Received Import Request.
  Time since last request: 0.000020 seconds.
  path: Assets/RoofTop_SafeHouse/Prefab/Candle.prefab
  artifactKey: Guid(1f91f048a138f9d40a4ef1ee21565bbe) Importer(815301076,1909f56bfc062723c751e8b465ee728b)
Start importing Assets/RoofTop_SafeHouse/Prefab/Candle.prefab using Guid(1f91f048a138f9d40a4ef1ee21565bbe) Importer(815301076,1909f56bfc062723c751e8b465ee728b)  -> (artifact id: 'a4dfdbc41885f52f2e11f51858624df0') in 0.035235 seconds 
========================================================================
Received Import Request.
  Time since last request: 0.000020 seconds.
  path: Assets/RoofTop_SafeHouse/Prefab/Barrel_Fire.prefab
  artifactKey: Guid(b54b71c0e0186a84fb605b421730b4f1) Importer(815301076,1909f56bfc062723c751e8b465ee728b)
Start importing Assets/RoofTop_SafeHouse/Prefab/Barrel_Fire.prefab using Guid(b54b71c0e0186a84fb605b421730b4f1) Importer(815301076,1909f56bfc062723c751e8b465ee728b)  -> (artifact id: '622ed02f4f078d25367cf0d50f6dce22') in 0.235217 seconds 
========================================================================
Received Import Request.
  Time since last request: 0.000031 seconds.
  path: Assets/RoofTop_SafeHouse/Prefab/Crate 1.prefab
  artifactKey: Guid(63a15ace764e64e418b11ca7afc229c3) Importer(815301076,1909f56bfc062723c751e8b465ee728b)
Start importing Assets/RoofTop_SafeHouse/Prefab/Crate 1.prefab using Guid(63a15ace764e64e418b11ca7afc229c3) Importer(815301076,1909f56bfc062723c751e8b465ee728b)  -> (artifact id: 'b7764777deca9e1500fa222ee86390f1') in 0.022719 seconds 
========================================================================
Received Import Request.
  Time since last request: 0.000025 seconds.
  path: Assets/RoofTop_SafeHouse/Prefab/Rack.prefab
  artifactKey: Guid(d793c0ce8a9da544abd76769f1863bb3) Importer(815301076,1909f56bfc062723c751e8b465ee728b)
Start importing Assets/RoofTop_SafeHouse/Prefab/Rack.prefab using Guid(d793c0ce8a9da544abd76769f1863bb3) Importer(815301076,1909f56bfc062723c751e8b465ee728b)  -> (artifact id: '3a956e03e2a404ea8a4bee07e2df2294') in 0.018541 seconds 
========================================================================
Received Import Request.
  Time since last request: 0.000016 seconds.
  path: Assets/RoofTop_SafeHouse/Prefab/Barrel_EXP.prefab
  artifactKey: Guid(d3c1824c710f537419b2b20046f4fe46) Importer(815301076,1909f56bfc062723c751e8b465ee728b)
Start importing Assets/RoofTop_SafeHouse/Prefab/Barrel_EXP.prefab using Guid(d3c1824c710f537419b2b20046f4fe46) Importer(815301076,1909f56bfc062723c751e8b465ee728b)  -> (artifact id: '1cfae492e6d05ddbf2cff898a5f95194') in 0.018221 seconds 
========================================================================
Received Import Request.
  Time since last request: 0.000019 seconds.
  path: Assets/RoofTop_SafeHouse/Prefab/Gas.prefab
  artifactKey: Guid(e99ede886b0f9104d9df7cb1cb333361) Importer(815301076,1909f56bfc062723c751e8b465ee728b)
Start importing Assets/RoofTop_SafeHouse/Prefab/Gas.prefab using Guid(e99ede886b0f9104d9df7cb1cb333361) Importer(815301076,1909f56bfc062723c751e8b465ee728b)  -> (artifact id: '480551c01b92dd3311f23f565d2b6b2f') in 0.020802 seconds 
========================================================================
Received Import Request.
  Time since last request: 0.000017 seconds.
  path: Assets/RoofTop_SafeHouse/Prefab/Fence.prefab
  artifactKey: Guid(5d934f07f64532243a3fb123c1b42784) Importer(815301076,1909f56bfc062723c751e8b465ee728b)
Start importing Assets/RoofTop_SafeHouse/Prefab/Fence.prefab using Guid(5d934f07f64532243a3fb123c1b42784) Importer(815301076,1909f56bfc062723c751e8b465ee728b)  -> (artifact id: 'c66e73d0c21a567d07c18599336abe61') in 0.233499 seconds 
========================================================================
Received Import Request.
  Time since last request: 0.000020 seconds.
  path: Assets/RoofTop_SafeHouse/Prefab/Can3.prefab
  artifactKey: Guid(0e9fd49314237974a8b4d1a3037356ff) Importer(815301076,1909f56bfc062723c751e8b465ee728b)
Start importing Assets/RoofTop_SafeHouse/Prefab/Can3.prefab using Guid(0e9fd49314237974a8b4d1a3037356ff) Importer(815301076,1909f56bfc062723c751e8b465ee728b)  -> (artifact id: 'bd8950a80d97e6089bd78ba720a7c38b') in 0.017962 seconds 
========================================================================
Received Import Request.
  Time since last request: 0.000027 seconds.
  path: Assets/RoofTop_SafeHouse/Prefab/Safe_here.prefab
  artifactKey: Guid(df3ef93bd1f217b4da94f9d649229885) Importer(815301076,1909f56bfc062723c751e8b465ee728b)
Start importing Assets/RoofTop_SafeHouse/Prefab/Safe_here.prefab using Guid(df3ef93bd1f217b4da94f9d649229885) Importer(815301076,1909f56bfc062723c751e8b465ee728b)  -> (artifact id: '5a1047b4b042574c773ec4a38f6cb178') in 0.035492 seconds 
========================================================================
Received Import Request.
  Time since last request: 0.000020 seconds.
  path: Assets/RoofTop_SafeHouse/Prefab/Waste.prefab
  artifactKey: Guid(9f41859e7d97ad643b9286cb92e39ec0) Importer(815301076,1909f56bfc062723c751e8b465ee728b)
Start importing Assets/RoofTop_SafeHouse/Prefab/Waste.prefab using Guid(9f41859e7d97ad643b9286cb92e39ec0) Importer(815301076,1909f56bfc062723c751e8b465ee728b)  -> (artifact id: 'b25858b4315e7578625929774ddf28ba') in 0.021455 seconds 
========================================================================
Received Import Request.
  Time since last request: 0.000019 seconds.
  path: Assets/RoofTop_SafeHouse/Prefab/Barrel.prefab
  artifactKey: Guid(61c9703e5eb59f54295df0851f836331) Importer(815301076,1909f56bfc062723c751e8b465ee728b)
Start importing Assets/RoofTop_SafeHouse/Prefab/Barrel.prefab using Guid(61c9703e5eb59f54295df0851f836331) Importer(815301076,1909f56bfc062723c751e8b465ee728b)  -> (artifact id: 'aab63c2b979894ff09de8f5d33c94007') in 0.019234 seconds 
========================================================================
Received Import Request.
  Time since last request: 0.019308 seconds.
  path: Assets/RoofTop_SafeHouse/Prefab/Full/SafeHouse.prefab
  artifactKey: Guid(c78c3e5fc52b52f469322b7cb45dc4d0) Importer(815301076,1909f56bfc062723c751e8b465ee728b)
Start importing Assets/RoofTop_SafeHouse/Prefab/Full/SafeHouse.prefab using Guid(c78c3e5fc52b52f469322b7cb45dc4d0) Importer(815301076,1909f56bfc062723c751e8b465ee728b)  -> (artifact id: 'b11ebe220c28af537bf10d0c4786fb95') in 0.580696 seconds 
========================================================================
Received Prepare
Registering precompiled user dll's ...
Registered in 0.003229 seconds.
Begin MonoManager ReloadAssembly
Symbol file LoadedFromMemory doesn't match image F:\unity projects\addressable\Library\PackageCache\com.unity.visualscripting@1.7.6\Editor\VisualScripting.Core\Dependencies\YamlDotNet\Unity.VisualScripting.YamlDotNet.dll
Symbol file LoadedFromMemory doesn't match image F:\unity projects\addressable\Library\PackageCache\com.unity.visualscripting@1.7.6\Editor\VisualScripting.Core\Dependencies\DotNetZip\Unity.VisualScripting.IonicZip.dll
Native extension for WindowsStandalone target not found
Native extension for WebGL target not found
Refreshing native plugins compatible for Editor in 1.08 ms, found 3 plugins.
Preloading 0 native plugins for Editor in 0.00 ms.
Mono: successfully reloaded assembly
- Completed reload, in  0.992 seconds
Domain Reload Profiling:
	ReloadAssembly (992ms)
		BeginReloadAssembly (126ms)
			ExecutionOrderSort (0ms)
			DisableScriptedObjects (4ms)
			BackupInstance (0ms)
			ReleaseScriptingObjects (0ms)
			CreateAndSetChildDomain (38ms)
		EndReloadAssembly (775ms)
			LoadAssemblies (70ms)
			RebuildTransferFunctionScriptingTraits (0ms)
			SetupTypeCache (259ms)
			ReleaseScriptCaches (1ms)
			RebuildScriptCaches (45ms)
			SetupLoadedEditorAssemblies (334ms)
				LogAssemblyErrors (0ms)
				InitializePlatformSupportModulesInManaged (18ms)
				SetLoadedEditorAssemblies (1ms)
				RefreshPlugins (1ms)
				BeforeProcessingInitializeOnLoad (77ms)
				ProcessInitializeOnLoadAttributes (200ms)
				ProcessInitializeOnLoadMethodAttributes (30ms)
				AfterProcessingInitializeOnLoad (7ms)
				EditorAssembliesLoaded (0ms)
			ExecutionOrderSort2 (0ms)
			AwakeInstancesAfterBackupRestoration (5ms)
Platform modules already initialized, skipping
Refreshing native plugins compatible for Editor in 1.40 ms, found 3 plugins.
Preloading 0 native plugins for Editor in 0.00 ms.
Unloading 3827 Unused Serialized files (Serialized files now loaded: 0)
Unloading 19 unused Assets / (79.7 KB). Loaded Objects now: 4337.
Memory consumption went from 138.6 MB to 138.5 MB.
Total: 2.567300 ms (FindLiveObjects: 0.255200 ms CreateObjectMapping: 0.166700 ms MarkObjects: 2.077800 ms  DeleteObjects: 0.066700 ms)

AssetImportParameters requested are different than current active one (requested -> active):
  custom:video-decoder-ogg-theora: a1e56fd34408186e4bbccfd4996cb3dc -> 
  custom:container-muxer-webm: aa71ff27fc2769a1b78a27578f13a17b -> 
  custom:container-demuxer-webm: 4f35f7cbe854078d1ac9338744f61a02 -> 
  custom:video-encoder-webm-vp8: eb34c28f22e8b96e1ab97ce403110664 -> 
  custom:audio-encoder-webm-vorbis: bf7c407c2cedff20999df2af8eb42d56 -> 
  custom:framework-win-MediaFoundation: 216162199b28c13a410421893ffa2e32 -> 
  custom:container-demuxer-ogg: 62fdf1f143b41e24485cea50d1cbac27 -> 
  custom:video-decoder-webm-vp8: 9c59270c3fd7afecdb556c50c9e8de78 -> 
  custom:audio-decoder-ogg-vorbis: bf7c407c2cedff20999df2af8eb42d56 -> 
========================================================================
Received Prepare
Registering precompiled user dll's ...
Registered in 0.003120 seconds.
Begin MonoManager ReloadAssembly
Symbol file LoadedFromMemory doesn't match image F:\unity projects\addressable\Library\PackageCache\com.unity.visualscripting@1.7.6\Editor\VisualScripting.Core\Dependencies\YamlDotNet\Unity.VisualScripting.YamlDotNet.dll
Symbol file LoadedFromMemory doesn't match image F:\unity projects\addressable\Library\PackageCache\com.unity.visualscripting@1.7.6\Editor\VisualScripting.Core\Dependencies\DotNetZip\Unity.VisualScripting.IonicZip.dll
Native extension for WindowsStandalone target not found
Native extension for WebGL target not found
Refreshing native plugins compatible for Editor in 1.11 ms, found 3 plugins.
Preloading 0 native plugins for Editor in 0.00 ms.
Mono: successfully reloaded assembly
- Completed reload, in  1.018 seconds
Domain Reload Profiling:
	ReloadAssembly (1018ms)
		BeginReloadAssembly (122ms)
			ExecutionOrderSort (0ms)
			DisableScriptedObjects (5ms)
			BackupInstance (0ms)
			ReleaseScriptingObjects (0ms)
			CreateAndSetChildDomain (33ms)
		EndReloadAssembly (789ms)
			LoadAssemblies (71ms)
			RebuildTransferFunctionScriptingTraits (0ms)
			SetupTypeCache (264ms)
			ReleaseScriptCaches (2ms)
			RebuildScriptCaches (43ms)
			SetupLoadedEditorAssemblies (360ms)
				LogAssemblyErrors (0ms)
				InitializePlatformSupportModulesInManaged (14ms)
				SetLoadedEditorAssemblies (1ms)
				RefreshPlugins (1ms)
				BeforeProcessingInitializeOnLoad (78ms)
				ProcessInitializeOnLoadAttributes (227ms)
				ProcessInitializeOnLoadMethodAttributes (32ms)
				AfterProcessingInitializeOnLoad (7ms)
				EditorAssembliesLoaded (0ms)
			ExecutionOrderSort2 (0ms)
			AwakeInstancesAfterBackupRestoration (6ms)
Platform modules already initialized, skipping
Refreshing native plugins compatible for Editor in 1.61 ms, found 3 plugins.
Preloading 0 native plugins for Editor in 0.00 ms.
Unloading 3827 Unused Serialized files (Serialized files now loaded: 0)
Unloading 19 unused Assets / (79.7 KB). Loaded Objects now: 4340.
Memory consumption went from 138.6 MB to 138.5 MB.
Total: 2.939900 ms (FindLiveObjects: 0.287200 ms CreateObjectMapping: 0.220500 ms MarkObjects: 2.348900 ms  DeleteObjects: 0.082400 ms)

AssetImportParameters requested are different than current active one (requested -> active):
  custom:video-decoder-ogg-theora: a1e56fd34408186e4bbccfd4996cb3dc -> 
  custom:container-muxer-webm: aa71ff27fc2769a1b78a27578f13a17b -> 
  custom:container-demuxer-webm: 4f35f7cbe854078d1ac9338744f61a02 -> 
  custom:video-encoder-webm-vp8: eb34c28f22e8b96e1ab97ce403110664 -> 
  custom:audio-encoder-webm-vorbis: bf7c407c2cedff20999df2af8eb42d56 -> 
  custom:framework-win-MediaFoundation: 216162199b28c13a410421893ffa2e32 -> 
  custom:container-demuxer-ogg: 62fdf1f143b41e24485cea50d1cbac27 -> 
  custom:video-decoder-webm-vp8: 9c59270c3fd7afecdb556c50c9e8de78 -> 
  custom:audio-decoder-ogg-vorbis: bf7c407c2cedff20999df2af8eb42d56 -> 
========================================================================
Received Prepare
Registering precompiled user dll's ...
Registered in 0.003272 seconds.
Begin MonoManager ReloadAssembly
Symbol file LoadedFromMemory doesn't match image F:\unity projects\addressable\Library\PackageCache\com.unity.visualscripting@1.7.6\Editor\VisualScripting.Core\Dependencies\YamlDotNet\Unity.VisualScripting.YamlDotNet.dll
Symbol file LoadedFromMemory doesn't match image F:\unity projects\addressable\Library\PackageCache\com.unity.visualscripting@1.7.6\Editor\VisualScripting.Core\Dependencies\DotNetZip\Unity.VisualScripting.IonicZip.dll
Native extension for WindowsStandalone target not found
Native extension for WebGL target not found
Refreshing native plugins compatible for Editor in 0.61 ms, found 3 plugins.
Preloading 0 native plugins for Editor in 0.00 ms.
Mono: successfully reloaded assembly
- Completed reload, in  1.031 seconds
Domain Reload Profiling:
	ReloadAssembly (1031ms)
		BeginReloadAssembly (135ms)
			ExecutionOrderSort (0ms)
			DisableScriptedObjects (6ms)
			BackupInstance (0ms)
			ReleaseScriptingObjects (0ms)
			CreateAndSetChildDomain (36ms)
		EndReloadAssembly (799ms)
			LoadAssemblies (81ms)
			RebuildTransferFunctionScriptingTraits (0ms)
			SetupTypeCache (311ms)
			ReleaseScriptCaches (2ms)
			RebuildScriptCaches (48ms)
			SetupLoadedEditorAssemblies (317ms)
				LogAssemblyErrors (0ms)
				InitializePlatformSupportModulesInManaged (14ms)
				SetLoadedEditorAssemblies (1ms)
				RefreshPlugins (1ms)
				BeforeProcessingInitializeOnLoad (72ms)
				ProcessInitializeOnLoadAttributes (196ms)
				ProcessInitializeOnLoadMethodAttributes (27ms)
				AfterProcessingInitializeOnLoad (7ms)
				EditorAssembliesLoaded (0ms)
			ExecutionOrderSort2 (0ms)
			AwakeInstancesAfterBackupRestoration (5ms)
Platform modules already initialized, skipping
Refreshing native plugins compatible for Editor in 1.42 ms, found 3 plugins.
Preloading 0 native plugins for Editor in 0.00 ms.
Unloading 3828 Unused Serialized files (Serialized files now loaded: 0)
Unloading 19 unused Assets / (79.9 KB). Loaded Objects now: 4344.
Memory consumption went from 138.6 MB to 138.6 MB.
Total: 2.897200 ms (FindLiveObjects: 0.264100 ms CreateObjectMapping: 0.185700 ms MarkObjects: 2.373700 ms  DeleteObjects: 0.072900 ms)

AssetImportParameters requested are different than current active one (requested -> active):
  custom:video-decoder-ogg-theora: a1e56fd34408186e4bbccfd4996cb3dc -> 
  custom:container-muxer-webm: aa71ff27fc2769a1b78a27578f13a17b -> 
  custom:container-demuxer-webm: 4f35f7cbe854078d1ac9338744f61a02 -> 
  custom:video-encoder-webm-vp8: eb34c28f22e8b96e1ab97ce403110664 -> 
  custom:audio-encoder-webm-vorbis: bf7c407c2cedff20999df2af8eb42d56 -> 
  custom:framework-win-MediaFoundation: 216162199b28c13a410421893ffa2e32 -> 
  custom:container-demuxer-ogg: 62fdf1f143b41e24485cea50d1cbac27 -> 
  custom:video-decoder-webm-vp8: 9c59270c3fd7afecdb556c50c9e8de78 -> 
  custom:audio-decoder-ogg-vorbis: bf7c407c2cedff20999df2af8eb42d56 -> 
========================================================================
Received Import Request.
  Time since last request: 185.240627 seconds.
  path: Assets/NewBehaviourScript.cs
  artifactKey: Guid(bf996c29c7ccf9e409ec2b8240f80e29) Importer(815301076,1909f56bfc062723c751e8b465ee728b)
Start importing Assets/NewBehaviourScript.cs using Guid(bf996c29c7ccf9e409ec2b8240f80e29) Importer(815301076,1909f56bfc062723c751e8b465ee728b)  -> (artifact id: '01ca5e6855f2f60966593cf2ea7c8a4f') in 0.022727 seconds 
========================================================================
Received Prepare
Registering precompiled user dll's ...
Registered in 0.004384 seconds.
Begin MonoManager ReloadAssembly
Symbol file LoadedFromMemory doesn't match image F:\unity projects\addressable\Library\PackageCache\com.unity.visualscripting@1.7.6\Editor\VisualScripting.Core\Dependencies\YamlDotNet\Unity.VisualScripting.YamlDotNet.dll
Symbol file LoadedFromMemory doesn't match image F:\unity projects\addressable\Library\PackageCache\com.unity.visualscripting@1.7.6\Editor\VisualScripting.Core\Dependencies\DotNetZip\Unity.VisualScripting.IonicZip.dll
Native extension for WindowsStandalone target not found
Native extension for WebGL target not found
Refreshing native plugins compatible for Editor in 1.70 ms, found 3 plugins.
Preloading 0 native plugins for Editor in 0.00 ms.
Mono: successfully reloaded assembly
- Completed reload, in  1.260 seconds
Domain Reload Profiling:
	ReloadAssembly (1261ms)
		BeginReloadAssembly (205ms)
			ExecutionOrderSort (0ms)
			DisableScriptedObjects (8ms)
			BackupInstance (0ms)
			ReleaseScriptingObjects (0ms)
			CreateAndSetChildDomain (79ms)
		EndReloadAssembly (881ms)
			LoadAssemblies (113ms)
			RebuildTransferFunctionScriptingTraits (0ms)
			SetupTypeCache (305ms)
			ReleaseScriptCaches (1ms)
			RebuildScriptCaches (44ms)
			SetupLoadedEditorAssemblies (390ms)
				LogAssemblyErrors (0ms)
				InitializePlatformSupportModulesInManaged (23ms)
				SetLoadedEditorAssemblies (1ms)
				RefreshPlugins (2ms)
				BeforeProcessingInitializeOnLoad (106ms)
				ProcessInitializeOnLoadAttributes (223ms)
				ProcessInitializeOnLoadMethodAttributes (27ms)
				AfterProcessingInitializeOnLoad (7ms)
				EditorAssembliesLoaded (0ms)
			ExecutionOrderSort2 (0ms)
			AwakeInstancesAfterBackupRestoration (6ms)
Platform modules already initialized, skipping
Refreshing native plugins compatible for Editor in 1.96 ms, found 3 plugins.
Preloading 0 native plugins for Editor in 0.00 ms.
Unloading 3828 Unused Serialized files (Serialized files now loaded: 0)
Unloading 19 unused Assets / (79.6 KB). Loaded Objects now: 4347.
Memory consumption went from 138.6 MB to 138.6 MB.
Total: 2.723500 ms (FindLiveObjects: 0.279800 ms CreateObjectMapping: 0.194400 ms MarkObjects: 2.169600 ms  DeleteObjects: 0.078300 ms)

AssetImportParameters requested are different than current active one (requested -> active):
  custom:video-decoder-ogg-theora: a1e56fd34408186e4bbccfd4996cb3dc -> 
  custom:container-muxer-webm: aa71ff27fc2769a1b78a27578f13a17b -> 
  custom:container-demuxer-webm: 4f35f7cbe854078d1ac9338744f61a02 -> 
  custom:video-encoder-webm-vp8: eb34c28f22e8b96e1ab97ce403110664 -> 
  custom:audio-encoder-webm-vorbis: bf7c407c2cedff20999df2af8eb42d56 -> 
  custom:framework-win-MediaFoundation: 216162199b28c13a410421893ffa2e32 -> 
  custom:container-demuxer-ogg: 62fdf1f143b41e24485cea50d1cbac27 -> 
  custom:video-decoder-webm-vp8: 9c59270c3fd7afecdb556c50c9e8de78 -> 
  custom:audio-decoder-ogg-vorbis: bf7c407c2cedff20999df2af8eb42d56 -> 
========================================================================
Received Prepare
Registering precompiled user dll's ...
Registered in 0.002827 seconds.
Begin MonoManager ReloadAssembly
Symbol file LoadedFromMemory doesn't match image F:\unity projects\addressable\Library\PackageCache\com.unity.visualscripting@1.7.6\Editor\VisualScripting.Core\Dependencies\YamlDotNet\Unity.VisualScripting.YamlDotNet.dll
Symbol file LoadedFromMemory doesn't match image F:\unity projects\addressable\Library\PackageCache\com.unity.visualscripting@1.7.6\Editor\VisualScripting.Core\Dependencies\DotNetZip\Unity.VisualScripting.IonicZip.dll
Native extension for WindowsStandalone target not found
Native extension for WebGL target not found
Refreshing native plugins compatible for Editor in 0.61 ms, found 3 plugins.
Preloading 0 native plugins for Editor in 0.00 ms.
Mono: successfully reloaded assembly
- Completed reload, in  0.949 seconds
Domain Reload Profiling:
	ReloadAssembly (949ms)
		BeginReloadAssembly (125ms)
			ExecutionOrderSort (0ms)
			DisableScriptedObjects (5ms)
			BackupInstance (0ms)
			ReleaseScriptingObjects (0ms)
			CreateAndSetChildDomain (34ms)
		EndReloadAssembly (732ms)
			LoadAssemblies (73ms)
			RebuildTransferFunctionScriptingTraits (0ms)
			SetupTypeCache (266ms)
			ReleaseScriptCaches (1ms)
			RebuildScriptCaches (42ms)
			SetupLoadedEditorAssemblies (309ms)
				LogAssemblyErrors (0ms)
				InitializePlatformSupportModulesInManaged (13ms)
				SetLoadedEditorAssemblies (0ms)
				RefreshPlugins (1ms)
				BeforeProcessingInitializeOnLoad (66ms)
				ProcessInitializeOnLoadAttributes (193ms)
				ProcessInitializeOnLoadMethodAttributes (29ms)
				AfterProcessingInitializeOnLoad (7ms)
				EditorAssembliesLoaded (0ms)
			ExecutionOrderSort2 (0ms)
			AwakeInstancesAfterBackupRestoration (5ms)
Platform modules already initialized, skipping
Refreshing native plugins compatible for Editor in 2.22 ms, found 3 plugins.
Preloading 0 native plugins for Editor in 0.00 ms.
Unloading 3828 Unused Serialized files (Serialized files now loaded: 0)
Unloading 19 unused Assets / (79.7 KB). Loaded Objects now: 4350.
Memory consumption went from 138.6 MB to 138.6 MB.
Total: 2.742800 ms (FindLiveObjects: 0.274400 ms CreateObjectMapping: 0.176000 ms MarkObjects: 2.209500 ms  DeleteObjects: 0.082000 ms)

AssetImportParameters requested are different than current active one (requested -> active):
  custom:video-decoder-ogg-theora: a1e56fd34408186e4bbccfd4996cb3dc -> 
  custom:container-muxer-webm: aa71ff27fc2769a1b78a27578f13a17b -> 
  custom:container-demuxer-webm: 4f35f7cbe854078d1ac9338744f61a02 -> 
  custom:video-encoder-webm-vp8: eb34c28f22e8b96e1ab97ce403110664 -> 
  custom:audio-encoder-webm-vorbis: bf7c407c2cedff20999df2af8eb42d56 -> 
  custom:framework-win-MediaFoundation: 216162199b28c13a410421893ffa2e32 -> 
  custom:container-demuxer-ogg: 62fdf1f143b41e24485cea50d1cbac27 -> 
  custom:video-decoder-webm-vp8: 9c59270c3fd7afecdb556c50c9e8de78 -> 
  custom:audio-decoder-ogg-vorbis: bf7c407c2cedff20999df2af8eb42d56 -> 
========================================================================
Received Import Request.
  Time since last request: 24.357093 seconds.
  path: Assets/SpawnObjectAddressable.cs
  artifactKey: Guid(bf996c29c7ccf9e409ec2b8240f80e29) Importer(815301076,1909f56bfc062723c751e8b465ee728b)
Start importing Assets/SpawnObjectAddressable.cs using Guid(bf996c29c7ccf9e409ec2b8240f80e29) Importer(815301076,1909f56bfc062723c751e8b465ee728b)  -> (artifact id: '5a8e1e3d22d82aada9cb5ced846e83be') in 0.005048 seconds 
========================================================================
Received Import Request.
  Time since last request: 16.775329 seconds.
  path: Assets/AddressableAssetsData/DefaultObject.asset
  artifactKey: Guid(7c33e6add8d6b4b46878b1bb1d1b5dbf) Importer(815301076,1909f56bfc062723c751e8b465ee728b)
Start importing Assets/AddressableAssetsData/DefaultObject.asset using Guid(7c33e6add8d6b4b46878b1bb1d1b5dbf) Importer(815301076,1909f56bfc062723c751e8b465ee728b)  -> (artifact id: 'edeca5b0162e73dd88bb18732407f5d1') in 0.022825 seconds 
========================================================================
Received Prepare
Registering precompiled user dll's ...
Registered in 0.003126 seconds.
Begin MonoManager ReloadAssembly
Symbol file LoadedFromMemory doesn't match image F:\unity projects\addressable\Library\PackageCache\com.unity.visualscripting@1.7.6\Editor\VisualScripting.Core\Dependencies\YamlDotNet\Unity.VisualScripting.YamlDotNet.dll
Symbol file LoadedFromMemory doesn't match image F:\unity projects\addressable\Library\PackageCache\com.unity.visualscripting@1.7.6\Editor\VisualScripting.Core\Dependencies\DotNetZip\Unity.VisualScripting.IonicZip.dll
Native extension for WindowsStandalone target not found
Native extension for WebGL target not found
Refreshing native plugins compatible for Editor in 0.66 ms, found 3 plugins.
Preloading 0 native plugins for Editor in 0.00 ms.
Mono: successfully reloaded assembly
- Completed reload, in  1.046 seconds
Domain Reload Profiling:
	ReloadAssembly (1047ms)
		BeginReloadAssembly (158ms)
			ExecutionOrderSort (0ms)
			DisableScriptedObjects (5ms)
			BackupInstance (0ms)
			ReleaseScriptingObjects (0ms)
			CreateAndSetChildDomain (41ms)
		EndReloadAssembly (784ms)
			LoadAssemblies (98ms)
			RebuildTransferFunctionScriptingTraits (0ms)
			SetupTypeCache (260ms)
			ReleaseScriptCaches (1ms)
			RebuildScriptCaches (43ms)
			SetupLoadedEditorAssemblies (366ms)
				LogAssemblyErrors (0ms)
				InitializePlatformSupportModulesInManaged (14ms)
				SetLoadedEditorAssemblies (0ms)
				RefreshPlugins (1ms)
				BeforeProcessingInitializeOnLoad (74ms)
				ProcessInitializeOnLoadAttributes (191ms)
				ProcessInitializeOnLoadMethodAttributes (81ms)
				AfterProcessingInitializeOnLoad (6ms)
				EditorAssembliesLoaded (0ms)
			ExecutionOrderSort2 (0ms)
			AwakeInstancesAfterBackupRestoration (5ms)
Platform modules already initialized, skipping
Refreshing native plugins compatible for Editor in 1.42 ms, found 3 plugins.
Preloading 0 native plugins for Editor in 0.00 ms.
Unloading 3840 Unused Serialized files (Serialized files now loaded: 0)
Unloading 19 unused Assets / (79.7 KB). Loaded Objects now: 4353.
Memory consumption went from 139.0 MB to 138.9 MB.
Total: 2.820800 ms (FindLiveObjects: 0.270900 ms CreateObjectMapping: 0.207200 ms MarkObjects: 2.261700 ms  DeleteObjects: 0.080000 ms)

AssetImportParameters requested are different than current active one (requested -> active):
  custom:video-decoder-ogg-theora: a1e56fd34408186e4bbccfd4996cb3dc -> 
  custom:container-muxer-webm: aa71ff27fc2769a1b78a27578f13a17b -> 
  custom:container-demuxer-webm: 4f35f7cbe854078d1ac9338744f61a02 -> 
  custom:video-encoder-webm-vp8: eb34c28f22e8b96e1ab97ce403110664 -> 
  custom:audio-encoder-webm-vorbis: bf7c407c2cedff20999df2af8eb42d56 -> 
  custom:framework-win-MediaFoundation: 216162199b28c13a410421893ffa2e32 -> 
  custom:container-demuxer-ogg: 62fdf1f143b41e24485cea50d1cbac27 -> 
  custom:video-decoder-webm-vp8: 9c59270c3fd7afecdb556c50c9e8de78 -> 
  custom:audio-decoder-ogg-vorbis: bf7c407c2cedff20999df2af8eb42d56 -> 
========================================================================
Received Prepare
Registering precompiled user dll's ...
Registered in 0.002857 seconds.
Begin MonoManager ReloadAssembly
Symbol file LoadedFromMemory doesn't match image F:\unity projects\addressable\Library\PackageCache\com.unity.visualscripting@1.7.6\Editor\VisualScripting.Core\Dependencies\YamlDotNet\Unity.VisualScripting.YamlDotNet.dll
Symbol file LoadedFromMemory doesn't match image F:\unity projects\addressable\Library\PackageCache\com.unity.visualscripting@1.7.6\Editor\VisualScripting.Core\Dependencies\DotNetZip\Unity.VisualScripting.IonicZip.dll
Native extension for WindowsStandalone target not found
Native extension for WebGL target not found
Refreshing native plugins compatible for Editor in 1.27 ms, found 3 plugins.
Preloading 0 native plugins for Editor in 0.00 ms.
Mono: successfully reloaded assembly
- Completed reload, in  1.079 seconds
Domain Reload Profiling:
	ReloadAssembly (1080ms)
		BeginReloadAssembly (126ms)
			ExecutionOrderSort (0ms)
			DisableScriptedObjects (4ms)
			BackupInstance (0ms)
			ReleaseScriptingObjects (0ms)
			CreateAndSetChildDomain (33ms)
		EndReloadAssembly (859ms)
			LoadAssemblies (77ms)
			RebuildTransferFunctionScriptingTraits (0ms)
			SetupTypeCache (280ms)
			ReleaseScriptCaches (1ms)
			RebuildScriptCaches (45ms)
			SetupLoadedEditorAssemblies (415ms)
				LogAssemblyErrors (0ms)
				InitializePlatformSupportModulesInManaged (15ms)
				SetLoadedEditorAssemblies (0ms)
				RefreshPlugins (1ms)
				BeforeProcessingInitializeOnLoad (75ms)
				ProcessInitializeOnLoadAttributes (235ms)
				ProcessInitializeOnLoadMethodAttributes (79ms)
				AfterProcessingInitializeOnLoad (9ms)
				EditorAssembliesLoaded (0ms)
			ExecutionOrderSort2 (0ms)
			AwakeInstancesAfterBackupRestoration (6ms)
Platform modules already initialized, skipping
Refreshing native plugins compatible for Editor in 1.61 ms, found 3 plugins.
Preloading 0 native plugins for Editor in 0.00 ms.
Unloading 3840 Unused Serialized files (Serialized files now loaded: 0)
Unloading 19 unused Assets / (79.1 KB). Loaded Objects now: 4356.
Memory consumption went from 139.0 MB to 138.9 MB.
Total: 4.615900 ms (FindLiveObjects: 0.353100 ms CreateObjectMapping: 0.292600 ms MarkObjects: 3.893100 ms  DeleteObjects: 0.076100 ms)

AssetImportParameters requested are different than current active one (requested -> active):
  custom:video-decoder-ogg-theora: a1e56fd34408186e4bbccfd4996cb3dc -> 
  custom:container-muxer-webm: aa71ff27fc2769a1b78a27578f13a17b -> 
  custom:container-demuxer-webm: 4f35f7cbe854078d1ac9338744f61a02 -> 
  custom:video-encoder-webm-vp8: eb34c28f22e8b96e1ab97ce403110664 -> 
  custom:audio-encoder-webm-vorbis: bf7c407c2cedff20999df2af8eb42d56 -> 
  custom:framework-win-MediaFoundation: 216162199b28c13a410421893ffa2e32 -> 
  custom:container-demuxer-ogg: 62fdf1f143b41e24485cea50d1cbac27 -> 
  custom:video-decoder-webm-vp8: 9c59270c3fd7afecdb556c50c9e8de78 -> 
  custom:audio-decoder-ogg-vorbis: bf7c407c2cedff20999df2af8eb42d56 -> 
========================================================================
Received Prepare
Refreshing native plugins compatible for Editor in 3.57 ms, found 3 plugins.
Preloading 0 native plugins for Editor in 0.00 ms.
Unloading 19 Unused Serialized files (Serialized files now loaded: 0)
Unloading 19 unused Assets / (76.4 KB). Loaded Objects now: 4356.
Memory consumption went from 62.6 MB to 62.5 MB.
Total: 4.243900 ms (FindLiveObjects: 0.305400 ms CreateObjectMapping: 0.390700 ms MarkObjects: 3.449400 ms  DeleteObjects: 0.097400 ms)

AssetImportParameters requested are different than current active one (requested -> active):
  custom:video-decoder-ogg-theora: a1e56fd34408186e4bbccfd4996cb3dc -> 
  custom:container-muxer-webm: aa71ff27fc2769a1b78a27578f13a17b -> 
  custom:container-demuxer-webm: 4f35f7cbe854078d1ac9338744f61a02 -> 
  custom:video-encoder-webm-vp8: eb34c28f22e8b96e1ab97ce403110664 -> 
  custom:audio-encoder-webm-vorbis: bf7c407c2cedff20999df2af8eb42d56 -> 
  custom:framework-win-MediaFoundation: 216162199b28c13a410421893ffa2e32 -> 
  custom:container-demuxer-ogg: 62fdf1f143b41e24485cea50d1cbac27 -> 
  custom:video-decoder-webm-vp8: 9c59270c3fd7afecdb556c50c9e8de78 -> 
  custom:audio-decoder-ogg-vorbis: bf7c407c2cedff20999df2af8eb42d56 -> 
========================================================================
Received Prepare
Registering precompiled user dll's ...
Registered in 0.002853 seconds.
Begin MonoManager ReloadAssembly
Symbol file LoadedFromMemory doesn't match image F:\unity projects\addressable\Library\PackageCache\com.unity.visualscripting@1.7.6\Editor\VisualScripting.Core\Dependencies\YamlDotNet\Unity.VisualScripting.YamlDotNet.dll
Symbol file LoadedFromMemory doesn't match image F:\unity projects\addressable\Library\PackageCache\com.unity.visualscripting@1.7.6\Editor\VisualScripting.Core\Dependencies\DotNetZip\Unity.VisualScripting.IonicZip.dll
Native extension for WindowsStandalone target not found
Native extension for WebGL target not found
Refreshing native plugins compatible for Editor in 0.60 ms, found 3 plugins.
Preloading 0 native plugins for Editor in 0.00 ms.
Mono: successfully reloaded assembly
- Completed reload, in  1.076 seconds
Domain Reload Profiling:
	ReloadAssembly (1076ms)
		BeginReloadAssembly (139ms)
			ExecutionOrderSort (0ms)
			DisableScriptedObjects (7ms)
			BackupInstance (0ms)
			ReleaseScriptingObjects (0ms)
			CreateAndSetChildDomain (34ms)
		EndReloadAssembly (840ms)
			LoadAssemblies (79ms)
			RebuildTransferFunctionScriptingTraits (0ms)
			SetupTypeCache (304ms)
			ReleaseScriptCaches (1ms)
			RebuildScriptCaches (48ms)
			SetupLoadedEditorAssemblies (375ms)
				LogAssemblyErrors (0ms)
				InitializePlatformSupportModulesInManaged (13ms)
				SetLoadedEditorAssemblies (0ms)
				RefreshPlugins (1ms)
				BeforeProcessingInitializeOnLoad (69ms)
				ProcessInitializeOnLoadAttributes (208ms)
				ProcessInitializeOnLoadMethodAttributes (77ms)
				AfterProcessingInitializeOnLoad (7ms)
				EditorAssembliesLoaded (0ms)
			ExecutionOrderSort2 (0ms)
			AwakeInstancesAfterBackupRestoration (6ms)
Platform modules already initialized, skipping
Refreshing native plugins compatible for Editor in 1.50 ms, found 3 plugins.
Preloading 0 native plugins for Editor in 0.00 ms.
Unloading 3840 Unused Serialized files (Serialized files now loaded: 0)
Unloading 19 unused Assets / (79.2 KB). Loaded Objects now: 4359.
Memory consumption went from 139.0 MB to 138.9 MB.
Total: 3.048400 ms (FindLiveObjects: 0.264300 ms CreateObjectMapping: 0.161500 ms MarkObjects: 2.526100 ms  DeleteObjects: 0.095400 ms)

AssetImportParameters requested are different than current active one (requested -> active):
  custom:video-decoder-ogg-theora: a1e56fd34408186e4bbccfd4996cb3dc -> 
  custom:container-muxer-webm: aa71ff27fc2769a1b78a27578f13a17b -> 
  custom:container-demuxer-webm: 4f35f7cbe854078d1ac9338744f61a02 -> 
  custom:video-encoder-webm-vp8: eb34c28f22e8b96e1ab97ce403110664 -> 
  custom:audio-encoder-webm-vorbis: bf7c407c2cedff20999df2af8eb42d56 -> 
  custom:framework-win-MediaFoundation: 216162199b28c13a410421893ffa2e32 -> 
  custom:container-demuxer-ogg: 62fdf1f143b41e24485cea50d1cbac27 -> 
  custom:video-decoder-webm-vp8: 9c59270c3fd7afecdb556c50c9e8de78 -> 
  custom:audio-decoder-ogg-vorbis: bf7c407c2cedff20999df2af8eb42d56 -> 
